{"/home/stephen/Sew_Style/src/App.jsx": {"path":"/home/stephen/Sew_Style/src/App.jsx","statementMap":{"0":{"start":{"line":8,"column":1},"end":{"line":16,"column":3}}},"fnMap":{"0":{"name":"App","decl":{"start":{"line":7,"column":9},"end":{"line":7,"column":12}},"loc":{"start":{"line":7,"column":15},"end":{"line":17,"column":1}},"line":7}},"branchMap":{},"s":{"0":1},"f":{"0":1},"b":{},"_coverageSchema":"1a1c01bbd47fc00a2c39e90264f33305004495a9","hash":"04e09a06f42c502a4ba2be141da2b6e5445a2879"}
,"/home/stephen/Sew_Style/src/components/LoginForm.jsx": {"path":"/home/stephen/Sew_Style/src/components/LoginForm.jsx","statementMap":{"0":{"start":{"line":7,"column":25},"end":{"line":14,"column":2}},"1":{"start":{"line":16,"column":18},"end":{"line":72,"column":1}},"2":{"start":{"line":17,"column":21},"end":{"line":26,"column":2}},"3":{"start":{"line":18,"column":2},"end":{"line":25,"column":3}},"4":{"start":{"line":19,"column":20},"end":{"line":19,"column":58}},"5":{"start":{"line":20,"column":3},"end":{"line":20,"column":30}},"6":{"start":{"line":23,"column":3},"end":{"line":23,"column":40}},"7":{"start":{"line":28,"column":1},"end":{"line":71,"column":3}}},"fnMap":{"0":{"name":"(anonymous_0)","decl":{"start":{"line":16,"column":18},"end":{"line":16,"column":19}},"loc":{"start":{"line":16,"column":24},"end":{"line":72,"column":1}},"line":16},"1":{"name":"(anonymous_1)","decl":{"start":{"line":17,"column":21},"end":{"line":17,"column":22}},"loc":{"start":{"line":17,"column":39},"end":{"line":26,"column":2}},"line":17}},"branchMap":{},"s":{"0":1,"1":1,"2":1,"3":0,"4":0,"5":0,"6":0,"7":1},"f":{"0":1,"1":0},"b":{},"_coverageSchema":"1a1c01bbd47fc00a2c39e90264f33305004495a9","hash":"936c463f9b9a32c933c766fc02ab7c14885721e2"}
,"/home/stephen/Sew_Style/src/components/SignupForm.jsx": {"path":"/home/stephen/Sew_Style/src/components/SignupForm.jsx","statementMap":{"0":{"start":{"line":7,"column":25},"end":{"line":17,"column":2}},"1":{"start":{"line":19,"column":19},"end":{"line":91,"column":1}},"2":{"start":{"line":20,"column":22},"end":{"line":29,"column":2}},"3":{"start":{"line":21,"column":2},"end":{"line":28,"column":3}},"4":{"start":{"line":22,"column":20},"end":{"line":22,"column":59}},"5":{"start":{"line":23,"column":3},"end":{"line":23,"column":30}},"6":{"start":{"line":26,"column":3},"end":{"line":26,"column":41}},"7":{"start":{"line":31,"column":1},"end":{"line":90,"column":3}}},"fnMap":{"0":{"name":"(anonymous_0)","decl":{"start":{"line":19,"column":19},"end":{"line":19,"column":20}},"loc":{"start":{"line":19,"column":25},"end":{"line":91,"column":1}},"line":19},"1":{"name":"(anonymous_1)","decl":{"start":{"line":20,"column":22},"end":{"line":20,"column":23}},"loc":{"start":{"line":20,"column":40},"end":{"line":29,"column":2}},"line":20}},"branchMap":{},"s":{"0":1,"1":1,"2":0,"3":0,"4":0,"5":0,"6":0,"7":0},"f":{"0":0,"1":0},"b":{},"_coverageSchema":"1a1c01bbd47fc00a2c39e90264f33305004495a9","hash":"8139db86c67b9a8aac5a435865d9646e011e0d79"}
,"/home/stephen/Sew_Style/src/pages/loginpage.jsx": {"path":"/home/stephen/Sew_Style/src/pages/loginpage.jsx","statementMap":{"0":{"start":{"line":6,"column":18},"end":{"line":19,"column":1}},"1":{"start":{"line":7,"column":1},"end":{"line":18,"column":3}}},"fnMap":{"0":{"name":"(anonymous_0)","decl":{"start":{"line":6,"column":18},"end":{"line":6,"column":19}},"loc":{"start":{"line":6,"column":24},"end":{"line":19,"column":1}},"line":6}},"branchMap":{},"s":{"0":1,"1":1},"f":{"0":1},"b":{},"_coverageSchema":"1a1c01bbd47fc00a2c39e90264f33305004495a9","hash":"4d21b2bafd51ee0a8dc4c8cf9067463787130bad"}
,"/home/stephen/Sew_Style/src/pages/signuppage.jsx": {"path":"/home/stephen/Sew_Style/src/pages/signuppage.jsx","statementMap":{"0":{"start":{"line":6,"column":19},"end":{"line":19,"column":1}},"1":{"start":{"line":7,"column":1},"end":{"line":18,"column":3}}},"fnMap":{"0":{"name":"(anonymous_0)","decl":{"start":{"line":6,"column":19},"end":{"line":6,"column":20}},"loc":{"start":{"line":6,"column":25},"end":{"line":19,"column":1}},"line":6}},"branchMap":{},"s":{"0":1,"1":0},"f":{"0":0},"b":{},"_coverageSchema":"1a1c01bbd47fc00a2c39e90264f33305004495a9","hash":"948f960355547649793ee5faa9dd8b44eec4d126"}
}
